<?xml version="1.0" encoding="UTF-8"?>
<testng-results ignored="0" total="4" passed="4" failed="0" skipped="0">
  <reporter-output>
  </reporter-output>
  <suite started-at="2025-08-01T16:27:11 IST" name="Suite" finished-at="2025-08-01T16:27:46 IST" duration-ms="34116">
    <groups>
    </groups>
    <test started-at="2025-08-01T16:27:11 IST" name="Test" finished-at="2025-08-01T16:27:46 IST" duration-ms="34116">
      <class name="Test.EndtoEnd">
        <test-method is-config="true" signature="setupReport()[pri:0, instance:Test.EndtoEnd@76b07f29]" started-at="2025-08-01T16:27:08 IST" name="setupReport" finished-at="2025-08-01T16:27:11 IST" duration-ms="2994" status="PASS">
          <reporter-output>
          </reporter-output>
        </test-method> <!-- setupReport -->
        <test-method signature="Login()[pri:1, instance:Test.EndtoEnd@76b07f29]" started-at="2025-08-01T16:27:11 IST" name="Login" description="Valid Credential" finished-at="2025-08-01T16:27:18 IST" duration-ms="6713" status="PASS">
          <reporter-output>
          </reporter-output>
        </test-method> <!-- Login -->
        <test-method signature="Product1()[pri:3, instance:Test.EndtoEnd@76b07f29]" started-at="2025-08-01T16:27:18 IST" name="Product1" description="Add first product" finished-at="2025-08-01T16:27:27 IST" duration-ms="8562" status="PASS">
          <reporter-output>
          </reporter-output>
        </test-method> <!-- Product1 -->
        <test-method signature="Checkout()[pri:5, instance:Test.EndtoEnd@76b07f29]" started-at="2025-08-01T16:27:27 IST" name="Checkout" description="Checkout Successfully" finished-at="2025-08-01T16:27:39 IST" duration-ms="12450" status="PASS">
          <reporter-output>
          </reporter-output>
        </test-method> <!-- Checkout -->
        <test-method signature="Invalid()[pri:7, instance:Test.EndtoEnd@76b07f29]" started-at="2025-08-01T16:27:39 IST" name="Invalid" description="Valid Credential" finished-at="2025-08-01T16:27:46 IST" duration-ms="6168" status="PASS">
          <reporter-output>
          </reporter-output>
        </test-method> <!-- Invalid -->
        <test-method is-config="true" signature="flushReport()[pri:0, instance:Test.EndtoEnd@76b07f29]" started-at="2025-08-01T16:27:46 IST" name="flushReport" finished-at="2025-08-01T16:27:50 IST" duration-ms="3998" status="PASS">
          <reporter-output>
          </reporter-output>
        </test-method> <!-- flushReport -->
      </class> <!-- Test.EndtoEnd -->
    </test> <!-- Test -->
  </suite> <!-- Suite -->
</testng-results>
