<?xml version="1.0" encoding="UTF-8"?>
<!-- Generated by org.testng.reporters.JUnitReportReporter -->
<testsuite hostname="OESS47" failures="0" tests="4" name="IFMA.Login" time="21.263" errors="0" timestamp="2025-05-12T15:41:59 IST" skipped="0">
  <testcase classname="IFMA.Login" name="Blank" time="4.145"/>
  <testcase classname="IFMA.Login" name="Wrongusername" time="6.698"/>
  <testcase classname="IFMA.Login" name="Wrongpassword" time="5.280"/>
  <testcase classname="IFMA.Login" name="Validcredential" time="5.140"/>
</testsuite> <!-- IFMA.Login -->
