<?xml version="1.0" encoding="UTF-8"?>
<!-- Generated by org.testng.reporters.JUnitReportReporter -->
<testsuite hostname="DESKTOP-RACEKIU" failures="0" tests="6" name="Test.EndtoEnd" time="43.696" errors="0" timestamp="2025-07-27T12:09:47 IST" skipped="0">
  <testcase classname="Test.EndtoEnd" name="Invalid" time="6.046"/>
  <system-out/>
  <testcase classname="Test.EndtoEnd" name="Validusernamepass" time="5.941"/>
  <system-out/>
  <testcase classname="Test.EndtoEnd" name="Product1" time="8.378"/>
  <system-out/>
  <testcase classname="Test.EndtoEnd" name="Product2" time="8.301"/>
  <system-out/>
  <testcase classname="Test.EndtoEnd" name="UserInformation" time="6.160"/>
  <system-out/>
  <testcase classname="Test.EndtoEnd" name="Checkout" time="8.870"/>
  <system-out/>
</testsuite> <!-- Test.EndtoEnd -->
