<?xml version="1.0" encoding="UTF-8"?>
<!-- Generated by org.testng.reporters.JUnitReportReporter -->
<testsuite hostname="OESS47" failures="0" tests="4" name="Test.EndtoEnd" time="33.893" errors="0" timestamp="2025-08-01T16:27:50 IST" skipped="0">
  <testcase classname="Test.EndtoEnd" name="Login" time="6.713"/>
  <testcase classname="Test.EndtoEnd" name="Product1" time="8.562"/>
  <testcase classname="Test.EndtoEnd" name="Checkout" time="12.450"/>
  <testcase classname="Test.EndtoEnd" name="Invalid" time="6.168"/>
</testsuite> <!-- Test.EndtoEnd -->
